Arguments: 
  C:\Program Files\nodejs\node.exe C:\Users\sachiran\AppData\Roaming\npm\node_modules\yarn\bin\yarn.js init

PATH: 
  C:\Windows\system32;C:\Windows;C:\Windows\System32\Wbem;C:\Windows\System32\WindowsPowerShell\v1.0\;C:\Windows\System32\OpenSSH\;C:\Program Files (x86)\Intel\Intel(R) Management Engine Components\DAL;C:\Program Files\Intel\Intel(R) Management Engine Components\DAL;C:\Program Files\Git\cmd;C:\Program Files\nodejs\;C:\Program Files\dotnet\;C:\Users\sachiran\AppData\Local\Microsoft\WindowsApps;;C:\Users\sachiran\AppData\Local\Programs\Microsoft VS Code\bin;C:\Users\sachiran\AppData\Roaming\npm

Yarn version: 
  1.22.18

Node version: 
  16.13.1

Platform: 
  win32 x64

Trace: 
  Error: canceled
      at Interface.<anonymous> (C:\Users\sachiran\AppData\Roaming\npm\node_modules\yarn\lib\cli.js:137143:13)
      at Interface.emit (node:events:390:28)
      at Interface._ttyWrite (node:readline:1081:16)
      at ReadStream.onkeypress (node:readline:288:10)
      at ReadStream.emit (node:events:390:28)
      at emitKeys (node:internal/readline/utils:358:14)
      at emitKeys.next (<anonymous>)
      at ReadStream.onData (node:internal/readline/emitKeypressEvents:61:36)
      at ReadStream.emit (node:events:390:28)
      at addChunk (node:internal/streams/readable:315:12)

npm manifest: 
  {
  	"name": "app2",
  	"version": "0.0.0",
  	"private": true,
  	"devDependencies": {
  		"@types/node": "^15.0.3",
  		"@types/react": "^17.0.5",
  		"@types/react-dom": "^17.0.5",
  		"html-webpack-plugin": "5.3.1 ",
  		"serve": "11.3.2",
  		"ts-loader": "^9.1.2",
  		"typescript": "^4.2.4",
  		"webpack": "^5.67.0",
  		"webpack-cli": "^4.9.2",
  		"webpack-dev-server": "^4.7.3"
  	},
  	"scripts": {
  		"start": "webpack serve",
  		"build": "webpack --mode production",
  		"serve": "serve dist -p 3002",
  		"clean": "rm -rf dist"
  	},
  	"dependencies": {
  		"@chakra-ui/react": "^1.8.1",
  		"@emotion/react": "^11.7.1",
  		"@emotion/styled": "^11.6.0",
  		"framer-motion": "^5.6.0",
  		"react": "^17.0.2",
  		"react-dom": "^17.0.2",
  		"react-error-boundary": "^3.1.3"
  	}
  }

yarn manifest: 
  No manifest

Lockfile: 
  No lockfile
